{"logTime":"0803/125410", "correlationVector":"BXZqU+a6AeVqlMcNKb8lqp.1","action":"SyncServerConnectionManagerRequest", "result":"SYNC_SERVER_OK", "context":{"environment":"48F630A6-CB1B-4CC7-86AF-0F6627234B58", "server":"SG2PEPF00000CC8"}}
{"logTime":"0803/125425", "correlationVector":"4Cgxs3SHnBvoBT9V9AJqyK.1","action":"SyncServerConnectionManagerRequest", "result":"SYNC_SERVER_OK", "context":{"environment":"48F630A6-CB1B-4CC7-86AF-0F6627234B58", "server":"SG2PEPF00000CC8"}}
{"logTime":"0803/125425", "correlationVector":"BXZqU+a6AeVqlMcNKb8lqp","action":"Initial GetUpdates", "result":""}
{"logTime":"0803/125425", "correlationVector":"BXZqU+a6AeVqlMcNKb8lqp.2","action":"GetUpdates Response", "result":"SERVER_MORE_TO_DOWNLOAD"}
{"logTime":"0803/125425", "correlationVector":"4Cgxs3SHnBvoBT9V9AJqyK","action":"Initial GetUpdates", "result":""}
{"logTime":"0803/125425", "correlationVector":"4Cgxs3SHnBvoBT9V9AJqyK.2","action":"GetUpdates Response", "result":"SYNCER_OK"}
{"logTime":"0803/125426", "correlationVector":"D5YHScTbCPUSUZMkVs+lOR","action":"SyncServerConnectionManagerRequest", "result":"SYNC_SERVER_OK", "context":{"environment":"", "server":""}}
{"logTime":"0803/125426", "correlationVector":"WH7ZzWMTcquo75d87vhEm2","action":"Initial GetUpdates", "result":""}
{"logTime":"0803/125439", "correlationVector":"WH7ZzWMTcquo75d87vhEm2.1","action":"SyncServerConnectionManagerRequest", "result":"SYNC_SERVER_OK", "context":{"environment":"48F630A6-CB1B-4CC7-86AF-0F6627234B58", "server":"SG2PEPF00000CC8"}}
{"logTime":"0803/125439", "correlationVector":"WH7ZzWMTcquo75d87vhEm2.2","action":"GetUpdates Response", "result":"SERVER_MORE_TO_DOWNLOAD"}
{"logTime":"0803/125439", "correlationVector":"sgqtbAwzlvzz1ij9wQE3dD","action":"Initial GetUpdates", "result":""}
{"logTime":"0803/125442", "correlationVector":"sgqtbAwzlvzz1ij9wQE3dD.1","action":"SyncServerConnectionManagerRequest", "result":"SYNC_SERVER_OK", "context":{"environment":"48F630A6-CB1B-4CC7-86AF-0F6627234B58", "server":"SG2PEPF00000CC8"}}
{"logTime":"0803/125442", "correlationVector":"sgqtbAwzlvzz1ij9wQE3dD.2","action":"GetUpdates Response", "result":"SERVER_MORE_TO_DOWNLOAD"}
{"logTime":"0803/125442", "correlationVector":"C4g/sTg/WtPvhwGjyajaTy","action":"Initial GetUpdates", "result":""}
{"logTime":"0803/125445", "correlationVector":"C4g/sTg/WtPvhwGjyajaTy.1","action":"SyncServerConnectionManagerRequest", "result":"SYNC_SERVER_OK", "context":{"environment":"48F630A6-CB1B-4CC7-86AF-0F6627234B58", "server":"SG2PEPF00000CC8"}}
{"logTime":"0803/125445", "correlationVector":"C4g/sTg/WtPvhwGjyajaTy.2","action":"GetUpdates Response", "result":"SERVER_MORE_TO_DOWNLOAD"}
{"logTime":"0803/125445", "correlationVector":"vGz1e1UApXKFNu0fKCVSxT","action":"Initial GetUpdates", "result":""}
{"logTime":"0803/125448", "correlationVector":"vGz1e1UApXKFNu0fKCVSxT.1","action":"SyncServerConnectionManagerRequest", "result":"SYNC_SERVER_OK", "context":{"environment":"48F630A6-CB1B-4CC7-86AF-0F6627234B58", "server":"SG2PEPF00000CC8"}}
{"logTime":"0803/125448", "correlationVector":"vGz1e1UApXKFNu0fKCVSxT.2","action":"GetUpdates Response", "result":"SERVER_MORE_TO_DOWNLOAD"}
{"logTime":"0803/125448", "correlationVector":"Wxh4qre+5Qxt/XfBwo+lw/","action":"Initial GetUpdates", "result":""}
{"logTime":"0803/125449", "correlationVector":"Wxh4qre+5Qxt/XfBwo+lw/.1","action":"SyncServerConnectionManagerRequest", "result":"SYNC_SERVER_OK", "context":{"environment":"48F630A6-CB1B-4CC7-86AF-0F6627234B58", "server":"SG2PEPF00000CC8"}}
{"logTime":"0803/125449", "correlationVector":"Wxh4qre+5Qxt/XfBwo+lw/.2","action":"GetUpdates Response", "result":"SYNCER_OK"}
{"logTime":"0803/125449", "correlationVector":"HSvQqNSgN+XQdmD6rKO8/k","action":"Normal GetUpdate request", "result":""}
{"logTime":"0803/125449", "correlationVector":"HSvQqNSgN+XQdmD6rKO8/k.1","action":"SyncServerConnectionManagerRequest", "result":"SYNC_SERVER_OK", "context":{"environment":"48F630A6-CB1B-4CC7-86AF-0F6627234B58", "server":"SG2PEPF00000CC8"}}
{"logTime":"0803/125449", "correlationVector":"HSvQqNSgN+XQdmD6rKO8/k.2","action":"GetUpdates Response", "result":"SYNCER_OK"}
{"logTime":"0803/125449", "correlationVector":"UjBRdXQVTr9uThmKj8NUeb","action":"Commit Request", "result":""}
{"logTime":"0803/125449", "correlationVector":"UjBRdXQVTr9uThmKj8NUeb.1","action":"SyncServerConnectionManagerRequest", "result":"SYNC_SERVER_OK", "context":{"environment":"48F630A6-CB1B-4CC7-86AF-0F6627234B58", "server":"SG2PEPF00000CC8"}}
{"logTime":"0803/125449", "correlationVector":"UjBRdXQVTr9uThmKj8NUeb.2","action":"Commit Response", "result":"SYNCER_OK"}
{"logTime":"0803/150329", "correlationVector":"G2hyqG0k3QH/zXaelS7b7G.0","action":"FeedSettingFetch_homeCloud", "result":"0", "context":{}}
{"logTime":"0803/150346", "correlationVector":"b5J9JyGjgZCXaD1eHwbGH9.1","action":"SyncServerConnectionManagerRequest", "result":"SYNC_SERVER_OK", "context":{"environment":"48F630A6-CB1B-4CC7-86AF-0F6627234B58", "server":"SG2PEPF00000C8E"}}
{"logTime":"0803/150400", "correlationVector":"kKNCDYxXOdmpNYOmu6JYbZ.1","action":"SyncServerConnectionManagerRequest", "result":"SYNC_SERVER_OK", "context":{"environment":"48F630A6-CB1B-4CC7-86AF-0F6627234B58", "server":"SG2PEPF00000C8E"}}
{"logTime":"0803/150400", "correlationVector":"b5J9JyGjgZCXaD1eHwbGH9","action":"Initial GetUpdates", "result":""}
{"logTime":"0803/150400", "correlationVector":"b5J9JyGjgZCXaD1eHwbGH9.2","action":"GetUpdates Response", "result":"SERVER_MORE_TO_DOWNLOAD"}
{"logTime":"0803/150400", "correlationVector":"kKNCDYxXOdmpNYOmu6JYbZ","action":"Initial GetUpdates", "result":""}
{"logTime":"0803/150400", "correlationVector":"kKNCDYxXOdmpNYOmu6JYbZ.2","action":"GetUpdates Response", "result":"SYNCER_OK"}
{"logTime":"0803/150401", "correlationVector":"6s7YpGPLK/DKSTt+qm4Wze","action":"SyncServerConnectionManagerRequest", "result":"SYNC_SERVER_OK", "context":{"environment":"", "server":""}}
{"logTime":"0803/150401", "correlationVector":"ObL6tMLpYTMDeoXExCEvMf","action":"Initial GetUpdates", "result":""}
{"logTime":"0803/150414", "correlationVector":"ObL6tMLpYTMDeoXExCEvMf.1","action":"SyncServerConnectionManagerRequest", "result":"SYNC_SERVER_OK", "context":{"environment":"48F630A6-CB1B-4CC7-86AF-0F6627234B58", "server":"SG2PEPF00000C8E"}}
{"logTime":"0803/150414", "correlationVector":"ObL6tMLpYTMDeoXExCEvMf.2","action":"GetUpdates Response", "result":"SERVER_MORE_TO_DOWNLOAD"}
{"logTime":"0803/150414", "correlationVector":"bPWj9tjFMw1WtwEwffyNh0","action":"Initial GetUpdates", "result":""}
{"logTime":"0803/150416", "correlationVector":"bPWj9tjFMw1WtwEwffyNh0.1","action":"SyncServerConnectionManagerRequest", "result":"SYNC_SERVER_OK", "context":{"environment":"48F630A6-CB1B-4CC7-86AF-0F6627234B58", "server":"SG2PEPF00000C8E"}}
{"logTime":"0803/150416", "correlationVector":"bPWj9tjFMw1WtwEwffyNh0.2","action":"GetUpdates Response", "result":"SERVER_MORE_TO_DOWNLOAD"}
{"logTime":"0803/150416", "correlationVector":"LnYSukp+8lZ5cb0j5Dd5zk","action":"Initial GetUpdates", "result":""}
{"logTime":"0803/150420", "correlationVector":"LnYSukp+8lZ5cb0j5Dd5zk.1","action":"SyncServerConnectionManagerRequest", "result":"SYNC_SERVER_OK", "context":{"environment":"48F630A6-CB1B-4CC7-86AF-0F6627234B58", "server":"SG2PEPF00000C8E"}}
{"logTime":"0803/150420", "correlationVector":"LnYSukp+8lZ5cb0j5Dd5zk.2","action":"GetUpdates Response", "result":"SERVER_MORE_TO_DOWNLOAD"}
{"logTime":"0803/150420", "correlationVector":"gzzbkhA/IIztgZ8YBMRY/8","action":"Initial GetUpdates", "result":""}
{"logTime":"0803/150422", "correlationVector":"gzzbkhA/IIztgZ8YBMRY/8.1","action":"SyncServerConnectionManagerRequest", "result":"SYNC_SERVER_OK", "context":{"environment":"48F630A6-CB1B-4CC7-86AF-0F6627234B58", "server":"SG2PEPF00000C8E"}}
{"logTime":"0803/150422", "correlationVector":"gzzbkhA/IIztgZ8YBMRY/8.2","action":"GetUpdates Response", "result":"SERVER_MORE_TO_DOWNLOAD"}
{"logTime":"0803/150422", "correlationVector":"OGbpRrSSmrv6hn2f1jg471","action":"Initial GetUpdates", "result":""}
{"logTime":"0803/150423", "correlationVector":"OGbpRrSSmrv6hn2f1jg471.1","action":"SyncServerConnectionManagerRequest", "result":"SYNC_SERVER_OK", "context":{"environment":"48F630A6-CB1B-4CC7-86AF-0F6627234B58", "server":"SG2PEPF00000C8E"}}
{"logTime":"0803/150423", "correlationVector":"OGbpRrSSmrv6hn2f1jg471.2","action":"GetUpdates Response", "result":"SYNCER_OK"}
{"logTime":"0803/150423", "correlationVector":"fuNmUn069J4VQd/XrbPxEk","action":"Normal GetUpdate request", "result":""}
{"logTime":"0803/150423", "correlationVector":"fuNmUn069J4VQd/XrbPxEk.1","action":"SyncServerConnectionManagerRequest", "result":"SYNC_SERVER_OK", "context":{"environment":"48F630A6-CB1B-4CC7-86AF-0F6627234B58", "server":"SG2PEPF00000C8E"}}
{"logTime":"0803/150423", "correlationVector":"fuNmUn069J4VQd/XrbPxEk.2","action":"GetUpdates Response", "result":"SYNCER_OK"}
{"logTime":"0803/150423", "correlationVector":"KEoMJP4Ck2T4QMnb0mC+be","action":"Commit Request", "result":""}
{"logTime":"0803/150424", "correlationVector":"KEoMJP4Ck2T4QMnb0mC+be.1","action":"SyncServerConnectionManagerRequest", "result":"SYNC_SERVER_OK", "context":{"environment":"48F630A6-CB1B-4CC7-86AF-0F6627234B58", "server":"SG2PEPF00000C8E"}}
{"logTime":"0803/150424", "correlationVector":"KEoMJP4Ck2T4QMnb0mC+be.2","action":"Commit Response", "result":"SYNCER_OK"}
